<?xml version="1.0" encoding="UTF-8"?>
<!-- Generated by org.testng.reporters.JUnitXMLReporter -->
<testsuite ignored="1" hostname="WINDOWS-7O2TU2H" failures="0" tests="1" name="ErrorTest" time="5.853" errors="0" timestamp="2025-11-24T15:49:41 IST">
  <testcase classname="VCB_SELENIUM.SELENIUMFRAMEWORKDESIGN.ErrorValidation" name="loginErrorValidation" time="0.76"/>
  <testcase classname="VCB_SELENIUM.SELENIUMFRAMEWORKDESIGN.ErrorValidation" name="productErrorValidation" time="0.0">
    <ignored/>
  </testcase> <!-- productErrorValidation -->
</testsuite> <!-- ErrorTest -->
