<?xml version="1.0" encoding="UTF-8"?>
<!-- Generated by org.testng.reporters.JUnitXMLReporter -->
<testsuite ignored="0" hostname="WINDOWS-7O2TU2H" failures="0" tests="2" name="PurchaseTest" time="42.463" errors="0" timestamp="2025-11-24T22:17:27 IST">
  <testcase classname="VCB_SELENIUM.SELENIUMFRAMEWORKDESIGN.StandaloneETETESTParamertization" name="purchaseOder" time="15.45"/>
  <testcase classname="VCB_SELENIUM.SELENIUMFRAMEWORKDESIGN.StandaloneETETESTParamertization" name="purchaseOder" time="15.276"/>
</testsuite> <!-- PurchaseTest -->
