<?xml version="1.0" encoding="UTF-8"?>
<!-- Generated by org.testng.reporters.JUnitXMLReporter -->
<testsuite ignored="0" hostname="WINDOWS-7O2TU2H" failures="0" tests="2" name="Test1" time="30.845" errors="0" timestamp="2025-11-26T11:01:57 IST">
  <testcase classname="VCB_SELENIUM.SELENIUMFRAMEWORKDESIGN.StandaloneETETEST" name="submitOrder" time="15.514"/>
  <testcase classname="VCB_SELENIUM.SELENIUMFRAMEWORKDESIGN.StandaloneETETEST" name="verifyOrderSubmitted" time="6.143"/>
</testsuite> <!-- Test1 -->
