<?xml version="1.0" encoding="UTF-8"?>
<!-- Generated by org.testng.reporters.JUnitXMLReporter -->
<testsuite ignored="0" hostname="WINDOWS-7O2TU2H" failures="2" tests="4" name="Test2" time="38.607" errors="0" timestamp="2025-11-26T11:02:36 IST">
  <testcase classname="VCB_SELENIUM.SELENIUMFRAMEWORKDESIGN.ErrorValidation" name="loginErrorValidation" time="1.696">
    <skipped/>
  </testcase> <!-- loginErrorValidation -->
  <testcase classname="VCB_SELENIUM.SELENIUMFRAMEWORKDESIGN.ErrorValidation" name="loginErrorValidation" time="3.495">
    <skipped/>
  </testcase> <!-- loginErrorValidation -->
  <testcase classname="VCB_SELENIUM.SELENIUMFRAMEWORKDESIGN.ErrorValidation" name="loginErrorValidation" time="1.026">
    <failure type="java.lang.AssertionError" message="expected [true] but found [false]">
      <![CDATA[java.lang.AssertionError: expected [true] but found [false]
at VCB_SELENIUM.SELENIUMFRAMEWORKDESIGN.ErrorValidation.loginErrorValidation(ErrorValidation.java:26)
at java.base/java.util.ArrayList.forEach(ArrayList.java:1596)
... Removed 33 stack frames]]>
    </failure>
  </testcase> <!-- loginErrorValidation -->
  <testcase classname="VCB_SELENIUM.SELENIUMFRAMEWORKDESIGN.ErrorValidation" name="productErrorValidation" time="14.331">
    <failure type="java.lang.AssertionError" message="expected [true] but found [false]">
      <![CDATA[java.lang.AssertionError: expected [true] but found [false]
at VCB_SELENIUM.SELENIUMFRAMEWORKDESIGN.ErrorValidation.productErrorValidation(ErrorValidation.java:41)
at java.base/java.util.ArrayList.forEach(ArrayList.java:1596)
... Removed 33 stack frames]]>
    </failure>
  </testcase> <!-- productErrorValidation -->
</testsuite> <!-- Test2 -->
