<?xml version="1.0" encoding="UTF-8"?>
<testng-results ignored="0" total="1" passed="1" failed="0" skipped="0">
  <reporter-output>
  </reporter-output>
  <suite started-at="2025-11-28T00:56:26 IST" name="Surefire suite" finished-at="2025-11-28T00:56:33 IST" duration-ms="7701">
    <groups>
      <group name="cucumber">
        <method signature="AbstractTestNGCucumberTests.runScenario(io.cucumber.testng.PickleWrapper,io.cucumber.testng.FeatureWrapper)[pri:0, instance:cucumber.TestNGTestRunner@28eaa59a]" name="runScenario" class="io.cucumber.testng.AbstractTestNGCucumberTests"/>
      </group> <!-- cucumber -->
    </groups>
    <test started-at="2025-11-28T00:56:26 IST" name="Surefire test" finished-at="2025-11-28T00:56:33 IST" duration-ms="7701">
      <class name="cucumber.TestNGTestRunner">
        <test-method is-config="true" signature="setUpClass(org.testng.ITestContext)[pri:0, instance:cucumber.TestNGTestRunner@28eaa59a]" started-at="2025-11-28T00:56:26 IST" name="setUpClass" finished-at="2025-11-28T00:56:27 IST" duration-ms="1450" status="PASS">
          <params>
            <param index="0">
              <value>
                <![CDATA[org.testng.TestRunner@5246a3b3]]>
              </value>
            </param>
          </params>
          <reporter-output>
          </reporter-output>
        </test-method> <!-- setUpClass -->
        <test-method signature="runScenario(io.cucumber.testng.PickleWrapper,io.cucumber.testng.FeatureWrapper)[pri:0, instance:cucumber.TestNGTestRunner@28eaa59a]" started-at="2025-11-28T00:56:27 IST" name="runScenario" description="Runs Cucumber Scenarios" data-provider="scenarios" finished-at="2025-11-28T00:56:33 IST" duration-ms="6064" status="PASS">
          <params>
            <param index="0">
              <value>
                <![CDATA["Test for Login Error Validation"]]>
              </value>
            </param>
            <param index="1">
              <value>
                <![CDATA["Validate Login Error Message"]]>
              </value>
            </param>
          </params>
          <reporter-output>
          </reporter-output>
        </test-method> <!-- runScenario -->
        <test-method is-config="true" signature="tearDownClass()[pri:0, instance:cucumber.TestNGTestRunner@28eaa59a]" started-at="2025-11-28T00:56:33 IST" name="tearDownClass" finished-at="2025-11-28T00:56:33 IST" duration-ms="81" status="PASS">
          <reporter-output>
          </reporter-output>
        </test-method> <!-- tearDownClass -->
      </class> <!-- cucumber.TestNGTestRunner -->
    </test> <!-- Surefire test -->
  </suite> <!-- Surefire suite -->
</testng-results>
