<?xml version="1.0" encoding="UTF-8"?>
<!-- Generated by org.testng.reporters.JUnitReportReporter -->
<testsuite hostname="WINDOWS-7O2TU2H" failures="0" tests="2" name="VCB_SELENIUM.SELENIUMFRAMEWORKDESIGN.StandaloneETETEST" time="31.554" errors="0" timestamp="2025-11-27T23:32:15 IST" skipped="0">
  <testcase classname="VCB_SELENIUM.SELENIUMFRAMEWORKDESIGN.StandaloneETETEST" name="submitOrder" time="18.919"/>
  <testcase classname="VCB_SELENIUM.SELENIUMFRAMEWORKDESIGN.StandaloneETETEST" name="verifyOrderSubmitted" time="12.635"/>
</testsuite> <!-- VCB_SELENIUM.SELENIUMFRAMEWORKDESIGN.StandaloneETETEST -->
