<?xml version="1.0" encoding="UTF-8"?>
<!-- Generated by org.testng.reporters.JUnitReportReporter -->
<testsuite hostname="WINDOWS-7O2TU2H" failures="0" tests="2" name="VCB_SELENIUM.SELENIUMFRAMEWORKDESIGN.StandaloneETETESTParamertization" time="42.010" errors="0" timestamp="2025-11-24T22:17:27 IST" skipped="0">
  <testcase classname="VCB_SELENIUM.SELENIUMFRAMEWORKDESIGN.StandaloneETETESTParamertization" name="purchaseOder" time="20.854"/>
  <testcase classname="VCB_SELENIUM.SELENIUMFRAMEWORKDESIGN.StandaloneETETESTParamertization" name="purchaseOder" time="21.156"/>
</testsuite> <!-- VCB_SELENIUM.SELENIUMFRAMEWORKDESIGN.StandaloneETETESTParamertization -->
